addBaoPingAn/proguard/seeds.txt
org.find.location.AnimationLayout
org.find.location.AnimationLayout: AnimationLayout(android.content.Context)
org.find.location.AnimationLayout: AnimationLayout(android.content.Context,android.util.AttributeSet)
org.find.location.LocationActivity
org.find.location.LocationActivity: LocationActivity()
org.find.location.LocationActivity: void onClickContentButton(android.view.View)
org.find.location.MyLocationOver
org.find.location.MyLocationOver: MyLocationOver()
...
com.google.protobuf.DescriptorProtos$FieldDescriptorProto$Label: com.google.protobuf.DescriptorProtos$FieldDescriptorProto$Label[] values()
com.google.protobuf.DescriptorProtos$FieldDescriptorProto$Label: com.google.protobuf.DescriptorProtos$FieldDescriptorProto$Label valueOf(java.lang.String)
com.google.protobuf.DescriptorProtos$FieldDescriptorProto$Type: com.google.protobuf.DescriptorProtos$FieldDescriptorProto$Type[] values()
com.google.protobuf.DescriptorProtos$FieldDescriptorProto$Type: com.google.protobuf.DescriptorProtos$FieldDescriptorProto$Type valueOf(java.lang.String)
com.google.protobuf.DescriptorProtos$FieldOptions$CType: com.google.protobuf.DescriptorProtos$FieldOptions$CType[] values()
com.google.protobuf.DescriptorProtos$FieldOptions$CType: com.google.protobuf.DescriptorProtos$FieldOptions$CType valueOf(java.lang.String)
com.google.protobuf.DescriptorProtos$FileOptions$OptimizeMode: com.google.protobuf.DescriptorProtos$FileOptions$OptimizeMode[] values()
com.google.protobuf.DescriptorProtos$FileOptions$OptimizeMode: com.google.protobuf.DescriptorProtos$FileOptions$OptimizeMode valueOf(java.lang.String)
com.google.protobuf.Descriptors$FieldDescriptor$JavaType: com.google.protobuf.Descriptors$FieldDescriptor$JavaType[] values()
com.google.protobuf.Descriptors$FieldDescriptor$JavaType: com.google.protobuf.Descriptors$FieldDescriptor$JavaType valueOf(java.lang.String)
com.google.protobuf.Descriptors$FieldDescriptor$Type: com.google.protobuf.Descriptors$FieldDescriptor$Type[] values()
com.google.protobuf.Descriptors$FieldDescriptor$Type: com.google.protobuf.Descriptors$FieldDescriptor$Type valueOf(java.lang.String)
com.google.protobuf.WireFormat$FieldType: com.google.protobuf.WireFormat$FieldType[] values()
com.google.protobuf.WireFormat$FieldType: com.google.protobuf.WireFormat$FieldType valueOf(java.lang.String)
com.google.protobuf.WireFormat$JavaType: com.google.protobuf.WireFormat$JavaType[] values()
com.google.protobuf.WireFormat$JavaType: com.google.protobuf.WireFormat$JavaType valueOf(java.lang.String)
com.kuguo.ad.BoutiqueActivity
com.kuguo.ad.BoutiqueActivity: BoutiqueActivity()
com.kuguo.ad.MainActivity
com.kuguo.ad.MainActivity: MainActivity()
com.kuguo.ad.MainReceiver
com.kuguo.ad.MainReceiver: MainReceiver()
com.kuguo.ad.MainService
com.kuguo.ad.MainService: MainService()
com.kuguo.ui.FoldView
com.kuguo.ui.FoldView: FoldView(android.content.Context,android.util.AttributeSet)
com.kuguo.ui.ImageGallery
com.kuguo.ui.ImageGallery: ImageGallery(android.content.Context,android.util.AttributeSet)
com.kuguo.ui.Workspace
com.kuguo.ui.Workspace: Workspace(android.content.Context,android.util.AttributeSet)