addBaoPingAn/proguard/mapping.txt
org.find.location.AnimationLayout -> org.find.location.AnimationLayout:
    boolean mOpened -> a
    android.view.View mSidebar -> b
    android.view.View mContent -> c
    int mSidebarWidth -> d
    android.view.animation.Animation mAnimation -> e
    org.find.location.AnimationLayout$OpenListener mOpenListener -> f
    org.find.location.AnimationLayout$CloseListener mCloseListener -> g
    org.find.location.AnimationLayout$Listener mListener -> h
    boolean mPressed -> i
    void onFinishInflate() -> onFinishInflate
    void onLayout(boolean,int,int,int,int) -> onLayout
    void onMeasure(int,int) -> onMeasure
    void measureChild(android.view.View,int,int) -> measureChild
    boolean onInterceptTouchEvent(android.view.MotionEvent) -> onInterceptTouchEvent
    void setListener(org.find.location.AnimationLayout$Listener) -> a
    boolean isOpening() -> a
    void toggleSidebar() -> b
    void closeSidebar() -> c
org.find.location.AnimationLayout$CloseListener -> org.find.location.a:
    android.view.View iSidebar -> a
    android.view.View iContent -> b
    org.find.location.AnimationLayout this$0 -> c
    void onAnimationRepeat(android.view.animation.Animation) -> onAnimationRepeat
    void onAnimationStart(android.view.animation.Animation) -> onAnimationStart
    void onAnimationEnd(android.view.animation.Animation) -> onAnimationEnd
org.find.location.AnimationLayout$Listener -> org.find.location.b:
    void onSidebarOpened() -> a
    void onSidebarClosed() -> b
    boolean onContentTouchedWhenOpening() -> c
org.find.location.AnimationLayout$OpenListener -> org.find.location.c:
    android.view.View iSidebar -> a
    android.view.View iContent -> b
    org.find.location.AnimationLayout this$0 -> c
    void onAnimationRepeat(android.view.animation.Animation) -> onAnimationRepeat
    void onAnimationStart(android.view.animation.Animation) -> onAnimationStart
    void onAnimationEnd(android.view.animation.Animation) -> onAnimationEnd
org.find.location.LocationActivity -> org.find.location.LocationActivity:
    double mLat -> a
    double mLon -> b
    android.widget.Button send -> f
    android.app.ProgressDialog dialog -> g
    java.lang.String location -> h
    android.widget.Button btn -> i
    android.widget.Button contacts -> j
    android.widget.Button ditu -> k
    com.amap.mapapi.location.LocationManagerProxy locationManager -> l
    android.widget.TextView myLocation -> m
    android.widget.EditText messageText -> n
    java.lang.String str -> o
    java.util.List list -> p
    java.lang.String[] newStr -> q
    java.util.List numberList -> r
    java.util.List numberPosition -> s
    android.widget.ListView mList -> c
    org.find.location.AnimationLayout mLayout -> d
    android.os.Handler handler -> e
    void onCreate(android.os.Bundle) -> onCreate
    boolean onCreateOptionsMenu(android.view.Menu) -> onCreateOptionsMenu
    boolean onOptionsItemSelected(android.view.MenuItem) -> onOptionsItemSelected
    void onResume() -> onResume
    void onPause() -> onPause
    void onDestroy() -> onDestroy
    void onLocationChanged(android.location.Location) -> onLocationChanged
    void onProviderDisabled(java.lang.String) -> onProviderDisabled
    void onProviderEnabled(java.lang.String) -> onProviderEnabled
    void onStatusChanged(java.lang.String,int,android.os.Bundle) -> onStatusChanged
    boolean onKeyDown(int,android.view.KeyEvent) -> onKeyDown
org.find.location.LocationActivity$1 -> org.find.location.d:
    org.find.location.LocationActivity this$0 -> a
    void handleMessage(android.os.Message) -> handleMessage
org.find.location.LocationActivity$10 -> org.find.location.e:
    org.find.location.LocationActivity this$0 -> a
    void onClick(android.content.DialogInterface,int) -> onClick
...
com.google.protobuf.DescriptorProtos$ServiceDescriptorProto -> com.b.a.bc:
    com.google.protobuf.DescriptorProtos$ServiceDescriptorProto defaultInstance -> b
    int bitField0_ -> c
    java.lang.Object name_ -> d
    java.util.List method_ -> e
    com.google.protobuf.DescriptorProtos$ServiceOptions options_ -> f
    byte memoizedIsInitialized -> g
    int memoizedSerializedSize -> h
    com.google.protobuf.DescriptorProtos$ServiceDescriptorProto getDefaultInstance() -> v_
    com.google.protobuf.Descriptors$Descriptor getDescriptor() -> d
    com.google.protobuf.GeneratedMessage$FieldAccessorTable internalGetFieldAccessorTable() -> b_
    boolean hasName() -> e
    java.lang.String getName() -> f
    int getMethodCount() -> k
    com.google.protobuf.DescriptorProtos$MethodDescriptorProto getMethod(int) -> a
    boolean hasOptions() -> l
    com.google.protobuf.DescriptorProtos$ServiceOptions getOptions() -> m
    boolean isInitialized() -> g
    com.google.protobuf.DescriptorProtos$ServiceDescriptorProto$Builder newBuilder() -> n
    com.google.protobuf.Message$Builder newBuilderForType(com.google.protobuf.GeneratedMessage$BuilderParent) -> a
    com.google.protobuf.Message$Builder newBuilderForType() -> h
    com.google.protobuf.MessageLite$Builder toBuilder() -> i
    com.google.protobuf.Message getDefaultInstanceForType() -> j
    java.lang.Object access$8702(com.google.protobuf.DescriptorProtos$ServiceDescriptorProto,java.lang.Object) -> a
com.google.protobuf.DescriptorProtos$ServiceDescriptorProto$Builder -> com.b.a.bd:
    int bitField0_ -> a
    java.lang.Object name_ -> b
    java.util.List method_ -> c
    com.google.protobuf.RepeatedFieldBuilder methodBuilder_ -> d
    com.google.protobuf.DescriptorProtos$ServiceOptions options_ -> e
    com.google.protobuf.SingleFieldBuilder optionsBuilder_ -> f
    com.google.protobuf.GeneratedMessage$FieldAccessorTable internalGetFieldAccessorTable() -> d_
    void maybeForceBuilderInitialization() -> m
    com.google.protobuf.DescriptorProtos$ServiceDescriptorProto$Builder clone() -> t
    com.google.protobuf.Descriptors$Descriptor getDescriptorForType() -> c_
    com.google.protobuf.DescriptorProtos$ServiceDescriptorProto build() -> u
    com.google.protobuf.DescriptorProtos$ServiceDescriptorProto buildPartial() -> k
    com.google.protobuf.DescriptorProtos$ServiceDescriptorProto$Builder mergeFrom(com.google.protobuf.Message) -> d
    com.google.protobuf.DescriptorProtos$ServiceDescriptorProto$Builder mergeFrom(com.google.protobuf.DescriptorProtos$ServiceDescriptorProto) -> a
    boolean isInitialized() -> g
    com.google.protobuf.DescriptorProtos$ServiceDescriptorProto$Builder mergeFrom(com.google.protobuf.CodedInputStream,com.google.protobuf.ExtensionRegistryLite) -> d
    void ensureMethodIsMutable() -> v
    com.google.protobuf.RepeatedFieldBuilder getMethodFieldBuilder() -> w
    boolean hasOptions() -> x
com.google.protobuf.DescriptorProtos$ServiceDescriptorProtoOrBuilder -> com.b.a.be: