addBaoPingAn/proguard/usage.txt
org.find.location.AnimationLayout:
    public static final int DURATION
    152:155:public void openSidebar()
org.find.location.BuildConfig
org.find.location.Constants
org.find.location.LocationActivity:
    private static final int ITME
    private static final int ITME2
    public static final java.lang.String TAG
org.find.location.R
org.find.location.R$attr
org.find.location.R$color
org.find.location.R$drawable
org.find.location.R$id
org.find.location.R$layout
org.find.location.R$string
org.find.location.R$style
...
com.google.protobuf.DescriptorProtos$UninterpretedOption$NamePartOrBuilder:
    public abstract boolean hasNamePart()
    public abstract java.lang.String getNamePart()
    public abstract boolean hasIsExtension()
    public abstract boolean getIsExtension()
com.google.protobuf.DescriptorProtos$UninterpretedOptionOrBuilder:
    public abstract java.util.List getNameList()
    public abstract com.google.protobuf.DescriptorProtos$UninterpretedOption$NamePart getName(int)
    public abstract int getNameCount()
    public abstract java.util.List getNameOrBuilderList()
    public abstract com.google.protobuf.DescriptorProtos$UninterpretedOption$NamePartOrBuilder getNameOrBuilder(int)
    public abstract boolean hasIdentifierValue()
    public abstract java.lang.String getIdentifierValue()
    public abstract boolean hasPositiveIntValue()
    public abstract long getPositiveIntValue()
    public abstract boolean hasNegativeIntValue()
    public abstract long getNegativeIntValue()
    public abstract boolean hasDoubleValue()
    public abstract double getDoubleValue()
    public abstract boolean hasStringValue()
    public abstract com.google.protobuf.ByteString getStringValue()
    public abstract boolean hasAggregateValue()
    public abstract java.lang.String getAggregateValue()
com.google.protobuf.Descriptors$Descriptor:
    435:435:public int getIndex()
    460:460:public com.google.protobuf.Descriptors$Descriptor getContainingType()
    472:472:public java.util.List getExtensions()
    482:482:public java.util.List getEnumTypes()
    502:507:public com.google.protobuf.Descriptors$FieldDescriptor findFieldByName(java.lang.String)
    527:532:public com.google.protobuf.Descriptors$Descriptor findNestedTypeByName(java.lang.String)
    542:547:public com.google.protobuf.Descriptors$EnumDescriptor findEnumTypeByName(java.lang.String)
com.google.protobuf.Descriptors$DescriptorValidationException:
    private static final long serialVersionUID
    1535:1535:public java.lang.String getProblemSymbolName()
    1540:1540:public com.google.protobuf.Message getProblemProto()
    1545:1545:public java.lang.String getDescription()
com.google.protobuf.Descriptors$EnumDescriptor:
    1154:1154:public int getIndex()
    1172:1172:public com.google.protobuf.Descriptors$Descriptor getContainingType()
    1175:1175:public com.google.protobuf.DescriptorProtos$EnumOptions getOptions()
    1148:1148:public bridge synthetic com.google.protobuf.Internal$EnumLite findValueByNumber(int)
com.google.protobuf.Descriptors$EnumValueDescriptor:
    1266:1266:public int getIndex()
    1292:1292:public com.google.protobuf.DescriptorProtos$EnumValueOptions getOptions()
com.google.protobuf.Descriptors$FieldDescriptor:
    707:707:public boolean isPacked()
    716:716:public boolean hasDefaultValue()
    733:733:public com.google.protobuf.DescriptorProtos$FieldOptions getOptions()
    639:639:public bridge synthetic com.google.protobuf.Internal$EnumLiteMap getEnumType()
com.google.protobuf.Descriptors$FieldDescriptor$Type:
    852:852:public com.google.protobuf.DescriptorProtos$FieldDescriptorProto$Type toProto()
com.google.protobuf.Descriptors$FileDescriptor:
    82:82:public com.google.protobuf.DescriptorProtos$FileOptions getOptions()
    91:91:public java.util.List getEnumTypes()
    96:96:public java.util.List getServices()
    101:101:public java.util.List getExtensions()
    106:106:public java.util.List getDependencies()
    118:129:public com.google.protobuf.Descriptors$Descriptor findMessageTypeByName(java.lang.String)
    142:153:public com.google.protobuf.Descriptors$EnumDescriptor findEnumTypeByName(java.lang.String)
    166:177:public com.google.protobuf.Descriptors$ServiceDescriptor findServiceByName(java.lang.String)
    189:200:public com.google.protobuf.Descriptors$FieldDescriptor findExtensionByName(java.lang.String)